2015-05-27 11:25:38,977 [Worker-2] INFO  o.e.m.c.i.p.ProjectConfigurationManager - Collecting project info '/pom.xml' C:\git\github\multithreading\multithreading\pom.xml
2015-05-27 11:25:41,030 [Worker-2] INFO  o.e.m.c.i.l.LifecycleMappingFactory - Using org.eclipse.m2e.jdt.JarLifecycleMapping lifecycle mapping for MavenProject: andrew.deng:multithreading:0.0.1-SNAPSHOT @ C:\git\github\multithreading\multithreading\pom.xml.
2015-05-27 11:25:42,381 [Worker-4] INFO  o.e.m.c.i.l.LifecycleMappingFactory - Using org.eclipse.m2e.jdt.JarLifecycleMapping lifecycle mapping for MavenProject: andrew.deng:multithreading:0.0.1-SNAPSHOT @ C:\git\github\multithreading\multithreading\pom.xml.
2015-05-27 11:25:42,413 [Worker-2] INFO  o.e.m.j.i.AbstractJavaProjectConfigurator - Adding source folder /multithreading/src/main/java
2015-05-27 11:25:42,425 [Worker-2] INFO  o.e.m.j.i.AbstractJavaProjectConfigurator - Adding source folder /multithreading/src/test/java
2015-05-27 11:25:43,752 [Worker-2] INFO  o.e.m.c.i.p.ProjectConfigurationManager - Imported and configured 1 project(s) in 4 sec
2015-05-27 11:25:46,081 [Worker-4] INFO  o.e.m.c.i.l.LifecycleMappingFactory - Using org.eclipse.m2e.jdt.JarLifecycleMapping lifecycle mapping for MavenProject: andrew.deng:multithreading:0.0.1-SNAPSHOT @ C:\git\github\multithreading\multithreading\pom.xml.
2015-05-27 11:25:46,242 [Worker-4] INFO  o.e.m.c.i.embedder.EclipseLogger - Using 'UTF-8' encoding to copy filtered resources.
2015-05-27 11:25:46,242 [Worker-4] INFO  o.e.m.c.i.embedder.EclipseLogger - skip non existing resourceDirectory C:\git\github\multithreading\multithreading\src\main\resources
2015-05-27 11:25:46,294 [Worker-4] INFO  o.e.m.c.i.embedder.EclipseLogger - Using 'UTF-8' encoding to copy filtered resources.
2015-05-27 11:25:46,294 [Worker-4] INFO  o.e.m.c.i.embedder.EclipseLogger - skip non existing resourceDirectory C:\git\github\multithreading\multithreading\src\test\resources
2015-05-27 11:26:47,246 [Worker-4] INFO  o.e.m.c.i.embedder.EclipseLogger - Using 'UTF-8' encoding to copy filtered resources.
2015-05-27 11:26:47,246 [Worker-4] INFO  o.e.m.c.i.embedder.EclipseLogger - skip non existing resourceDirectory C:\git\github\multithreading\multithreading\src\main\resources
2015-05-27 11:26:47,248 [Worker-4] INFO  o.e.m.c.i.embedder.EclipseLogger - Using 'UTF-8' encoding to copy filtered resources.
2015-05-27 11:26:47,249 [Worker-4] INFO  o.e.m.c.i.embedder.EclipseLogger - skip non existing resourceDirectory C:\git\github\multithreading\multithreading\src\test\resources
2015-05-27 11:26:48,890 [Worker-1] INFO  o.e.m.c.i.embedder.EclipseLogger - Using 'UTF-8' encoding to copy filtered resources.
2015-05-27 11:26:48,890 [Worker-1] INFO  o.e.m.c.i.embedder.EclipseLogger - skip non existing resourceDirectory C:\git\github\multithreading\multithreading\src\main\resources
2015-05-27 11:26:48,891 [Worker-1] INFO  o.e.m.c.i.embedder.EclipseLogger - Using 'UTF-8' encoding to copy filtered resources.
2015-05-27 11:26:48,891 [Worker-1] INFO  o.e.m.c.i.embedder.EclipseLogger - skip non existing resourceDirectory C:\git\github\multithreading\multithreading\src\test\resources
2015-05-27 11:27:25,300 [Worker-8] INFO  o.e.m.c.i.embedder.EclipseLogger - Using 'UTF-8' encoding to copy filtered resources.
2015-05-27 11:27:25,300 [Worker-8] INFO  o.e.m.c.i.embedder.EclipseLogger - skip non existing resourceDirectory C:\git\github\multithreading\multithreading\src\main\resources
2015-05-27 11:27:25,301 [Worker-8] INFO  o.e.m.c.i.embedder.EclipseLogger - Using 'UTF-8' encoding to copy filtered resources.
2015-05-27 11:27:25,301 [Worker-8] INFO  o.e.m.c.i.embedder.EclipseLogger - skip non existing resourceDirectory C:\git\github\multithreading\multithreading\src\test\resources
2015-05-27 11:27:30,166 [Worker-5] INFO  o.e.m.c.i.embedder.EclipseLogger - Using 'UTF-8' encoding to copy filtered resources.
2015-05-27 11:27:30,166 [Worker-5] INFO  o.e.m.c.i.embedder.EclipseLogger - skip non existing resourceDirectory C:\git\github\multithreading\multithreading\src\main\resources
2015-05-27 11:27:30,168 [Worker-5] INFO  o.e.m.c.i.embedder.EclipseLogger - Using 'UTF-8' encoding to copy filtered resources.
2015-05-27 11:27:30,168 [Worker-5] INFO  o.e.m.c.i.embedder.EclipseLogger - skip non existing resourceDirectory C:\git\github\multithreading\multithreading\src\test\resources
2015-05-27 11:27:36,797 [Worker-6] INFO  o.e.m.c.i.embedder.EclipseLogger - Using 'UTF-8' encoding to copy filtered resources.
2015-05-27 11:27:36,797 [Worker-6] INFO  o.e.m.c.i.embedder.EclipseLogger - skip non existing resourceDirectory C:\git\github\multithreading\multithreading\src\main\resources
2015-05-27 11:27:36,798 [Worker-6] INFO  o.e.m.c.i.embedder.EclipseLogger - Using 'UTF-8' encoding to copy filtered resources.
2015-05-27 11:27:36,799 [Worker-6] INFO  o.e.m.c.i.embedder.EclipseLogger - skip non existing resourceDirectory C:\git\github\multithreading\multithreading\src\test\resources
2015-05-27 11:27:42,943 [Worker-6] INFO  o.e.m.c.i.embedder.EclipseLogger - Using 'UTF-8' encoding to copy filtered resources.
2015-05-27 11:27:42,943 [Worker-6] INFO  o.e.m.c.i.embedder.EclipseLogger - skip non existing resourceDirectory C:\git\github\multithreading\multithreading\src\main\resources
2015-05-27 11:27:42,945 [Worker-6] INFO  o.e.m.c.i.embedder.EclipseLogger - Using 'UTF-8' encoding to copy filtered resources.
2015-05-27 11:27:42,945 [Worker-6] INFO  o.e.m.c.i.embedder.EclipseLogger - skip non existing resourceDirectory C:\git\github\multithreading\multithreading\src\test\resources
2015-05-27 11:27:51,504 [Worker-1] INFO  o.e.m.c.i.embedder.EclipseLogger - Using 'UTF-8' encoding to copy filtered resources.
2015-05-27 11:27:51,504 [Worker-1] INFO  o.e.m.c.i.embedder.EclipseLogger - skip non existing resourceDirectory C:\git\github\multithreading\multithreading\src\main\resources
2015-05-27 11:27:51,506 [Worker-1] INFO  o.e.m.c.i.embedder.EclipseLogger - Using 'UTF-8' encoding to copy filtered resources.
2015-05-27 11:27:51,507 [Worker-1] INFO  o.e.m.c.i.embedder.EclipseLogger - skip non existing resourceDirectory C:\git\github\multithreading\multithreading\src\test\resources
2015-05-27 11:27:53,651 [Worker-2] INFO  o.e.m.c.i.embedder.EclipseLogger - Using 'UTF-8' encoding to copy filtered resources.
2015-05-27 11:27:53,651 [Worker-2] INFO  o.e.m.c.i.embedder.EclipseLogger - skip non existing resourceDirectory C:\git\github\multithreading\multithreading\src\main\resources
2015-05-27 11:27:53,653 [Worker-2] INFO  o.e.m.c.i.embedder.EclipseLogger - Using 'UTF-8' encoding to copy filtered resources.
2015-05-27 11:27:53,653 [Worker-2] INFO  o.e.m.c.i.embedder.EclipseLogger - skip non existing resourceDirectory C:\git\github\multithreading\multithreading\src\test\resources
